# JRE version: Java(TM) SE Runtime Environment 18.9 (11.0.10+8) (build 11.0.10+8-LTS-162)
# Java VM: Java HotSpot(TM) 64-Bit Server VM 18.9 (11.0.10+8-LTS-162, mixed mode, tiered, compressed oops, g1 gc, linux-amd64)
Heap:
 garbage-first heap   total 412672K, used 269286K [0x0000000080000000, 0x0000000100000000)
  region size 1024K, 50 young (51200K), 7 survivors (7168K)
 Metaspace       used 119772K, capacity 123232K, committed 123544K, reserved 1157120K
  class space    used 15244K, capacity 16510K, committed 16620K, reserved 1048576K
GC Heap History (10 events):
Event: 157,797 GC heap before
{Heap before GC invocations=36 (full 0):
 garbage-first heap   total 308224K, used 234098K [0x0000000080000000, 0x0000000100000000)
  region size 1024K, 4 young (4096K), 2 survivors (2048K)
 Metaspace       used 116863K, capacity 120373K, committed 120600K, reserved 1153024K
  class space    used 14889K, capacity 16148K, committed 16236K, reserved 1048576K
}
Event: 157,809 GC heap after
{Heap after GC invocations=37 (full 0):
 garbage-first heap   total 412672K, used 233805K [0x0000000080000000, 0x0000000100000000)
  region size 1024K, 1 young (1024K), 1 survivors (1024K)
 Metaspace       used 116863K, capacity 120373K, committed 120600K, reserved 1153024K
  class space    used 14889K, capacity 16148K, committed 16236K, reserved 1048576K
}
Event: 158,527 GC heap before
{Heap before GC invocations=37 (full 0):
 garbage-first heap   total 412672K, used 283981K [0x0000000080000000, 0x0000000100000000)
  region size 1024K, 40 young (40960K), 1 survivors (1024K)
 Metaspace       used 116886K, capacity 120376K, committed 120600K, reserved 1153024K
  class space    used 14889K, capacity 16148K, committed 16236K, reserved 1048576K
}
Event: 158,553 GC heap after
{Heap after GC invocations=38 (full 0):
 garbage-first heap   total 412672K, used 248055K [0x0000000080000000, 0x0000000100000000)
  region size 1024K, 5 young (5120K), 5 survivors (5120K)
 Metaspace       used 116886K, capacity 120376K, committed 120600K, reserved 1153024K
  class space    used 14889K, capacity 16148K, committed 16236K, reserved 1048576K
}
Event: 159,260 GC heap before
{Heap before GC invocations=38 (full 0):
 garbage-first heap   total 412672K, used 312567K [0x0000000080000000, 0x0000000100000000)
  region size 1024K, 56 young (57344K), 5 survivors (5120K)
 Metaspace       used 116952K, capacity 120466K, committed 120600K, reserved 1153024K
  class space    used 14889K, capacity 16148K, committed 16236K, reserved 1048576K
}
Event: 159,300 GC heap after
{Heap after GC invocations=39 (full 0):
 garbage-first heap   total 412672K, used 269151K [0x0000000080000000, 0x0000000100000000)
  region size 1024K, 7 young (7168K), 7 survivors (7168K)
 Metaspace       used 116952K, capacity 120466K, committed 120600K, reserved 1153024K
  class space    used 14889K, capacity 16148K, committed 16236K, reserved 1048576K
}
Event: 159,999 GC heap before
{Heap before GC invocations=40 (full 0):
 garbage-first heap   total 412672K, used 319327K [0x0000000080000000, 0x0000000100000000)
  region size 1024K, 56 young (57344K), 7 survivors (7168K)
 Metaspace       used 116999K, capacity 120466K, committed 120600K, reserved 1153024K
  class space    used 14889K, capacity 16148K, committed 16236K, reserved 1048576K
}
Event: 160,028 GC heap after
{Heap after GC invocations=41 (full 0):
 garbage-first heap   total 412672K, used 270310K [0x0000000080000000, 0x0000000100000000)
  region size 1024K, 1 young (1024K), 1 survivors (1024K)
 Metaspace       used 116999K, capacity 120466K, committed 120600K, reserved 1153024K
  class space    used 14889K, capacity 16148K, committed 16236K, reserved 1048576K
}
Event: 161,390 GC heap before
{Heap before GC invocations=41 (full 0):
 garbage-first heap   total 412672K, used 322534K [0x0000000080000000, 0x0000000100000000)
  region size 1024K, 53 young (54272K), 1 survivors (1024K)
 Metaspace       used 117103K, capacity 120550K, committed 120856K, reserved 1155072K
  class space    used 14895K, capacity 16150K, committed 16236K, reserved 1048576K
}
Event: 161,424 GC heap after
{Heap after GC invocations=42 (full 0):
 garbage-first heap   total 412672K, used 276454K [0x0000000080000000, 0x0000000100000000)
  region size 1024K, 7 young (7168K), 7 survivors (7168K)
 Metaspace       used 117103K, capacity 120550K, committed 120856K, reserved 1155072K
  class space    used 14895K, capacity 16150K, committed 16236K, reserved 1048576K
}

