# JRE version: Java(TM) SE Runtime Environment (15.0.2+7) (build 15.0.2+7-27)
# Java VM: Java HotSpot(TM) 64-Bit Server VM (15.0.2+7-27, mixed mode, sharing, tiered, compressed oops, g1 gc, linux-amd64)
GC Precious Log:
 CPUs: 2 total, 2 available
 Memory: 11917M
 Large Page Support: Disabled
 NUMA Support: Disabled
 Compressed Oops: Enabled (32-bit)
 Heap Region Size: 1M
 Heap Min Capacity: 8M
 Heap Initial Capacity: 188M
 Heap Max Capacity: 2G
 Pre-touch: Disabled
 Parallel Workers: 2
 Concurrent Workers: 1
 Concurrent Refinement Workers: 2
 Periodic GC: Disabled
Heap:
 garbage-first heap   total 278528K, used 115590K [0x0000000080000000, 0x0000000100000000)
  region size 1024K, 42 young (43008K), 10 survivors (10240K)
 Metaspace       used 117770K, capacity 120435K, committed 121204K, reserved 1155072K
  class space    used 13912K, capacity 14731K, committed 14948K, reserved 1048576K
GC Heap History (20 events):
Event: 11433,665 GC heap before
{Heap before GC invocations=278 (full 0):
 garbage-first heap   total 278528K, used 214766K [0x0000000080000000, 0x0000000100000000)
  region size 1024K, 121 young (123904K), 12 survivors (12288K)
 Metaspace       used 117771K, capacity 120584K, committed 121204K, reserved 1155072K
  class space    used 13949K, capacity 14802K, committed 14948K, reserved 1048576K
}
Event: 11433,686 GC heap after
{Heap after GC invocations=279 (full 0):
 garbage-first heap   total 278528K, used 104706K [0x0000000080000000, 0x0000000100000000)
  region size 1024K, 3 young (3072K), 3 survivors (3072K)
 Metaspace       used 117771K, capacity 120584K, committed 121204K, reserved 1155072K
  class space    used 13949K, capacity 14802K, committed 14948K, reserved 1048576K
}
Event: 11498,333 GC heap before
{Heap before GC invocations=280 (full 0):
 garbage-first heap   total 278528K, used 216322K [0x0000000080000000, 0x0000000100000000)
  region size 1024K, 103 young (105472K), 3 survivors (3072K)
 Metaspace       used 117788K, capacity 120584K, committed 121204K, reserved 1155072K
  class space    used 13949K, capacity 14802K, committed 14948K, reserved 1048576K
}
Event: 11498,349 GC heap after
{Heap after GC invocations=281 (full 0):
 garbage-first heap   total 278528K, used 112081K [0x0000000080000000, 0x0000000100000000)
  region size 1024K, 10 young (10240K), 10 survivors (10240K)
 Metaspace       used 117788K, capacity 120584K, committed 121204K, reserved 1155072K
  class space    used 13949K, capacity 14802K, committed 14948K, reserved 1048576K
}
Event: 11499,035 GC heap before
{Heap before GC invocations=282 (full 0):
 garbage-first heap   total 278528K, used 234961K [0x0000000080000000, 0x0000000100000000)
  region size 1024K, 119 young (121856K), 10 survivors (10240K)
 Metaspace       used 117796K, capacity 120584K, committed 121204K, reserved 1155072K
  class space    used 13949K, capacity 14802K, committed 14948K, reserved 1048576K
}
Event: 11499,048 GC heap after
{Heap after GC invocations=283 (full 0):
 garbage-first heap   total 278528K, used 105972K [0x0000000080000000, 0x0000000100000000)
  region size 1024K, 2 young (2048K), 2 survivors (2048K)
 Metaspace       used 117796K, capacity 120584K, committed 121204K, reserved 1155072K
  class space    used 13949K, capacity 14802K, committed 14948K, reserved 1048576K
}
Event: 11525,865 GC heap before
{Heap before GC invocations=283 (full 0):
 garbage-first heap   total 278528K, used 116212K [0x0000000080000000, 0x0000000100000000)
  region size 1024K, 13 young (13312K), 2 survivors (2048K)
 Metaspace       used 117798K, capacity 120585K, committed 121204K, reserved 1155072K
  class space    used 13949K, capacity 14802K, committed 14948K, reserved 1048576K
}
Event: 11525,902 GC heap after
{Heap after GC invocations=284 (full 0):
 garbage-first heap   total 278528K, used 79692K [0x0000000080000000, 0x0000000100000000)
  region size 1024K, 2 young (2048K), 2 survivors (2048K)
 Metaspace       used 117798K, capacity 120585K, committed 121204K, reserved 1155072K
  class space    used 13949K, capacity 14802K, committed 14948K, reserved 1048576K
}
Event: 11526,334 GC heap before
{Heap before GC invocations=284 (full 0):
 garbage-first heap   total 278528K, used 162636K [0x0000000080000000, 0x0000000100000000)
  region size 1024K, 85 young (87040K), 2 survivors (2048K)
 Metaspace       used 117812K, capacity 120585K, committed 121204K, reserved 1155072K
  class space    used 13949K, capacity 14802K, committed 14948K, reserved 1048576K
}
Event: 11526,355 GC heap after
{Heap after GC invocations=285 (full 0):
 garbage-first heap   total 278528K, used 87523K [0x0000000080000000, 0x0000000100000000)
  region size 1024K, 9 young (9216K), 9 survivors (9216K)
 Metaspace       used 117812K, capacity 120585K, committed 121204K, reserved 1155072K
  class space    used 13949K, capacity 14802K, committed 14948K, reserved 1048576K
}
Event: 11527,056 GC heap before
{Heap before GC invocations=286 (full 0):
 garbage-first heap   total 278528K, used 196067K [0x0000000080000000, 0x0000000100000000)
  region size 1024K, 118 young (120832K), 9 survivors (9216K)
 Metaspace       used 117826K, capacity 120585K, committed 121204K, reserved 1155072K
  class space    used 13949K, capacity 14802K, committed 14948K, reserved 1048576K
}
Event: 11527,087 GC heap after
{Heap after GC invocations=287 (full 0):
 garbage-first heap   total 278528K, used 86585K [0x0000000080000000, 0x0000000100000000)
  region size 1024K, 9 young (9216K), 9 survivors (9216K)
 Metaspace       used 117826K, capacity 120585K, committed 121204K, reserved 1155072K
  class space    used 13949K, capacity 14802K, committed 14948K, reserved 1048576K
}
Event: 11542,296 GC heap before
{Heap before GC invocations=288 (full 0):
 garbage-first heap   total 278528K, used 192057K [0x0000000080000000, 0x0000000100000000)
  region size 1024K, 105 young (107520K), 9 survivors (9216K)
 Metaspace       used 117843K, capacity 120649K, committed 121204K, reserved 1155072K
  class space    used 13949K, capacity 14802K, committed 14948K, reserved 1048576K
}
Event: 11542,325 GC heap after
{Heap after GC invocations=289 (full 0):
 garbage-first heap   total 278528K, used 82489K [0x0000000080000000, 0x0000000100000000)
  region size 1024K, 9 young (9216K), 9 survivors (9216K)
 Metaspace       used 117843K, capacity 120649K, committed 121204K, reserved 1155072K
  class space    used 13949K, capacity 14802K, committed 14948K, reserved 1048576K
}
Event: 11542,920 GC heap before
{Heap before GC invocations=290 (full 0):
 garbage-first heap   total 278528K, used 194105K [0x0000000080000000, 0x0000000100000000)
  region size 1024K, 118 young (120832K), 9 survivors (9216K)
 Metaspace       used 117875K, capacity 120719K, committed 121204K, reserved 1155072K
  class space    used 13950K, capacity 14803K, committed 14948K, reserved 1048576K
}
Event: 11542,935 GC heap after
{Heap after GC invocations=291 (full 0):
 garbage-first heap   total 278528K, used 85238K [0x0000000080000000, 0x0000000100000000)
  region size 1024K, 10 young (10240K), 10 survivors (10240K)
 Metaspace       used 117875K, capacity 120719K, committed 121204K, reserved 1155072K
  class space    used 13950K, capacity 14803K, committed 14948K, reserved 1048576K
}
Event: 17112,927 GC heap before
{Heap before GC invocations=292 (full 0):
 garbage-first heap   total 278528K, used 236790K [0x0000000080000000, 0x0000000100000000)
  region size 1024K, 148 young (151552K), 10 survivors (10240K)
 Metaspace       used 117892K, capacity 120783K, committed 121204K, reserved 1155072K
  class space    used 13950K, capacity 14803K, committed 14948K, reserved 1048576K
}
Event: 17112,935 GC heap after
{Heap after GC invocations=293 (full 0):
 garbage-first heap   total 278528K, used 75321K [0x0000000080000000, 0x0000000100000000)
  region size 1024K, 2 young (2048K), 2 survivors (2048K)
 Metaspace       used 117892K, capacity 120783K, committed 121204K, reserved 1155072K
  class space    used 13950K, capacity 14803K, committed 14948K, reserved 1048576K
}
Event: 17113,418 GC heap before
{Heap before GC invocations=293 (full 0):
 garbage-first heap   total 278528K, used 162361K [0x0000000080000000, 0x0000000100000000)
  region size 1024K, 89 young (91136K), 2 survivors (2048K)
 Metaspace       used 118001K, capacity 120783K, committed 121204K, reserved 1155072K
  class space    used 13950K, capacity 14803K, committed 14948K, reserved 1048576K
}
Event: 17113,437 GC heap after
{Heap after GC invocations=294 (full 0):
 garbage-first heap   total 278528K, used 82822K [0x0000000080000000, 0x0000000100000000)
  region size 1024K, 10 young (10240K), 10 survivors (10240K)
 Metaspace       used 118001K, capacity 120783K, committed 121204K, reserved 1155072K
  class space    used 13950K, capacity 14803K, committed 14948K, reserved 1048576K
}

